Traceback (most recent call last):
  File "e:\All Codes\Python\chess-gui\main.py", line 146, in mainloop
    board.move(dragger.piece, move)
  File "e:\All Codes\Python\chess-gui\board.py", line 54, in move
    self.material[r] -= self.squares[final.row][final.col].piece.value
IndexError: list index out of range
Traceback (most recent call last):
  File "e:\All Codes\Python\chess-gui\main.py", line 146, in mainloop
    board.move(dragger.piece, move)
  File "e:\All Codes\Python\chess-gui\board.py", line 54, in move
    self.material[r] -= self.squares[final.row][final.col].piece.value
IndexError: list index out of range
Traceback (most recent call last):
  File "e:\All Codes\Python\chess-gui\main.py", line 146, in mainloop
    board.move(dragger.piece, move)
  File "e:\All Codes\Python\chess-gui\board.py", line 54, in move
    self.material[r] -= self.squares[final.row][final.col].piece.value
IndexError: list index out of range
Traceback (most recent call last):
  File "e:\All Codes\Python\chess-gui\main.py", line 146, in mainloop
    board.move(dragger.piece, move)
  File "e:\All Codes\Python\chess-gui\board.py", line 54, in move
    self.material[r] -= self.squares[final.row][final.col].piece.value
IndexError: list index out of range
Traceback (most recent call last):
  File "e:\All Codes\Python\chess-gui\main.py", line 146, in mainloop
    board.move(dragger.piece, move)
  File "e:\All Codes\Python\chess-gui\board.py", line 54, in move
    self.material[r] -= self.squares[final.row][final.col].piece.value
IndexError: list index out of range
